<?xml version="1.0" encoding="UTF-8"?>
<testng-results ignored="0" total="2" passed="2" failed="0" skipped="0">
  <reporter-output>
  </reporter-output>
  <suite started-at="2024-06-02T13:07:51 IST" name="Default suite" finished-at="2024-06-02T13:07:51 IST" duration-ms="165">
    <groups>
      <group name="system">
        <method signature="GroupsEx.demo()[pri:0, instance:Students.GroupsEx@557caf28]" name="demo" class="Students.GroupsEx"/>
        <method signature="GroupsEx.demo1()[pri:0, instance:Students.GroupsEx@557caf28]" name="demo1" class="Students.GroupsEx"/>
      </group> <!-- system -->
    </groups>
    <test started-at="2024-06-02T13:07:51 IST" name="Default test" finished-at="2024-06-02T13:07:51 IST" duration-ms="165">
      <class name="Students.GroupsEx">
        <test-method is-config="true" signature="beforeSuite()[pri:0, instance:Students.GroupsEx@557caf28]" started-at="2024-06-02T13:07:51 IST" name="beforeSuite" finished-at="2024-06-02T13:07:51 IST" duration-ms="25" status="PASS">
          <reporter-output>
          </reporter-output>
        </test-method> <!-- beforeSuite -->
        <test-method is-config="true" signature="beforeTest()[pri:0, instance:Students.GroupsEx@557caf28]" started-at="2024-06-02T13:07:51 IST" name="beforeTest" finished-at="2024-06-02T13:07:51 IST" duration-ms="6" status="PASS">
          <reporter-output>
          </reporter-output>
        </test-method> <!-- beforeTest -->
        <test-method is-config="true" signature="beforeClass(java.lang.String)[pri:0, instance:Students.GroupsEx@557caf28]" started-at="2024-06-02T13:07:51 IST" name="beforeClass" finished-at="2024-06-02T13:07:51 IST" duration-ms="12" status="PASS">
          <params>
            <param index="0">
              <value>
                <![CDATA[chrome]]>
              </value>
            </param>
          </params>
          <reporter-output>
          </reporter-output>
        </test-method> <!-- beforeClass -->
        <test-method is-config="true" signature="beforeGroups()[pri:0, instance:Students.GroupsEx@557caf28]" started-at="2024-06-02T13:07:51 IST" name="beforeGroups" finished-at="2024-06-02T13:07:51 IST" duration-ms="1" status="PASS">
          <reporter-output>
          </reporter-output>
        </test-method> <!-- beforeGroups -->
        <test-method is-config="true" signature="beforeMethod()[pri:0, instance:Students.GroupsEx@557caf28]" started-at="2024-06-02T13:07:51 IST" name="beforeMethod" finished-at="2024-06-02T13:07:51 IST" duration-ms="1" status="PASS">
          <reporter-output>
          </reporter-output>
        </test-method> <!-- beforeMethod -->
        <test-method signature="demo()[pri:0, instance:Students.GroupsEx@557caf28]" started-at="2024-06-02T13:07:51 IST" name="demo" finished-at="2024-06-02T13:07:51 IST" duration-ms="14" status="PASS">
          <reporter-output>
          </reporter-output>
        </test-method> <!-- demo -->
        <test-method is-config="true" signature="afterMethod()[pri:0, instance:Students.GroupsEx@557caf28]" started-at="2024-06-02T13:07:51 IST" name="afterMethod" finished-at="2024-06-02T13:07:51 IST" duration-ms="1" status="PASS">
          <reporter-output>
          </reporter-output>
        </test-method> <!-- afterMethod -->
        <test-method is-config="true" signature="beforeMethod()[pri:0, instance:Students.GroupsEx@557caf28]" started-at="2024-06-02T13:07:51 IST" name="beforeMethod" finished-at="2024-06-02T13:07:51 IST" duration-ms="2" status="PASS">
          <reporter-output>
          </reporter-output>
        </test-method> <!-- beforeMethod -->
        <test-method signature="demo1()[pri:0, instance:Students.GroupsEx@557caf28]" started-at="2024-06-02T13:07:51 IST" name="demo1" finished-at="2024-06-02T13:07:51 IST" duration-ms="3" status="PASS">
          <reporter-output>
          </reporter-output>
        </test-method> <!-- demo1 -->
        <test-method is-config="true" signature="afterMethod()[pri:0, instance:Students.GroupsEx@557caf28]" started-at="2024-06-02T13:07:51 IST" name="afterMethod" finished-at="2024-06-02T13:07:51 IST" duration-ms="3" status="PASS">
          <reporter-output>
          </reporter-output>
        </test-method> <!-- afterMethod -->
        <test-method is-config="true" signature="afterGroups()[pri:0, instance:Students.GroupsEx@557caf28]" started-at="2024-06-02T13:07:51 IST" name="afterGroups" finished-at="2024-06-02T13:07:51 IST" duration-ms="2" status="PASS">
          <reporter-output>
          </reporter-output>
        </test-method> <!-- afterGroups -->
        <test-method is-config="true" signature="afterClass()[pri:0, instance:Students.GroupsEx@557caf28]" started-at="2024-06-02T13:07:51 IST" name="afterClass" finished-at="2024-06-02T13:07:51 IST" duration-ms="1" status="PASS">
          <reporter-output>
          </reporter-output>
        </test-method> <!-- afterClass -->
        <test-method is-config="true" signature="afterTest()[pri:0, instance:Students.GroupsEx@557caf28]" started-at="2024-06-02T13:07:51 IST" name="afterTest" finished-at="2024-06-02T13:07:51 IST" duration-ms="1" status="PASS">
          <reporter-output>
          </reporter-output>
        </test-method> <!-- afterTest -->
        <test-method is-config="true" signature="afterSuite()[pri:0, instance:Students.GroupsEx@557caf28]" started-at="2024-06-02T13:07:51 IST" name="afterSuite" finished-at="2024-06-02T13:07:51 IST" duration-ms="1" status="PASS">
          <reporter-output>
          </reporter-output>
        </test-method> <!-- afterSuite -->
      </class> <!-- Students.GroupsEx -->
    </test> <!-- Default test -->
  </suite> <!-- Default suite -->
</testng-results>
