<?xml version="1.0" encoding="UTF-8"?>
<testng-results ignored="0" total="1" passed="1" failed="0" skipped="0">
  <reporter-output>
  </reporter-output>
  <suite started-at="2024-06-14T14:10:43 IST" name="Default suite" finished-at="2024-06-14T14:11:16 IST" duration-ms="32302">
    <groups>
    </groups>
    <test started-at="2024-06-14T14:10:43 IST" name="Default test" finished-at="2024-06-14T14:11:16 IST" duration-ms="32302">
      <class name="com.ShoppersStack.testScripts.Verify_User_is_able_to_add_address_or_not_Test">
        <test-method is-config="true" signature="beforeSuite()[pri:0, instance:com.ShoppersStack.testScripts.Verify_User_is_able_to_add_address_or_not_Test@6a6cb05c]" started-at="2024-06-14T14:10:43 IST" name="beforeSuite" finished-at="2024-06-14T14:10:43 IST" duration-ms="37" status="PASS">
          <reporter-output>
          </reporter-output>
        </test-method> <!-- beforeSuite -->
        <test-method is-config="true" signature="beforeTest()[pri:0, instance:com.ShoppersStack.testScripts.Verify_User_is_able_to_add_address_or_not_Test@6a6cb05c]" started-at="2024-06-14T14:10:43 IST" name="beforeTest" finished-at="2024-06-14T14:10:44 IST" duration-ms="523" status="PASS">
          <reporter-output>
          </reporter-output>
        </test-method> <!-- beforeTest -->
        <test-method is-config="true" signature="beforeClass()[pri:0, instance:com.ShoppersStack.testScripts.Verify_User_is_able_to_add_address_or_not_Test@6a6cb05c]" started-at="2024-06-14T14:10:44 IST" name="beforeClass" finished-at="2024-06-14T14:10:50 IST" duration-ms="6626" status="PASS">
          <reporter-output>
          </reporter-output>
        </test-method> <!-- beforeClass -->
        <test-method is-config="true" signature="beforeMethod()[pri:0, instance:com.ShoppersStack.testScripts.Verify_User_is_able_to_add_address_or_not_Test@6a6cb05c]" started-at="2024-06-14T14:10:51 IST" name="beforeMethod" finished-at="2024-06-14T14:11:00 IST" duration-ms="9801" status="PASS">
          <reporter-output>
          </reporter-output>
        </test-method> <!-- beforeMethod -->
        <test-method signature="addAddress()[pri:0, instance:com.ShoppersStack.testScripts.Verify_User_is_able_to_add_address_or_not_Test@6a6cb05c]" started-at="2024-06-14T14:11:00 IST" name="addAddress" finished-at="2024-06-14T14:11:09 IST" duration-ms="8903" status="PASS">
          <reporter-output>
          </reporter-output>
        </test-method> <!-- addAddress -->
        <test-method is-config="true" signature="afterMethod()[pri:0, instance:com.ShoppersStack.testScripts.Verify_User_is_able_to_add_address_or_not_Test@6a6cb05c]" started-at="2024-06-14T14:11:09 IST" name="afterMethod" finished-at="2024-06-14T14:11:11 IST" duration-ms="1321" status="PASS">
          <reporter-output>
          </reporter-output>
        </test-method> <!-- afterMethod -->
        <test-method is-config="true" signature="afterclass()[pri:0, instance:com.ShoppersStack.testScripts.Verify_User_is_able_to_add_address_or_not_Test@6a6cb05c]" started-at="2024-06-14T14:11:11 IST" name="afterclass" finished-at="2024-06-14T14:11:14 IST" duration-ms="3628" status="PASS">
          <reporter-output>
          </reporter-output>
        </test-method> <!-- afterclass -->
        <test-method is-config="true" signature="afterTest()[pri:0, instance:com.ShoppersStack.testScripts.Verify_User_is_able_to_add_address_or_not_Test@6a6cb05c]" started-at="2024-06-14T14:11:14 IST" name="afterTest" finished-at="2024-06-14T14:11:16 IST" duration-ms="1402" status="PASS">
          <reporter-output>
          </reporter-output>
        </test-method> <!-- afterTest -->
        <test-method is-config="true" signature="afterSuite()[pri:0, instance:com.ShoppersStack.testScripts.Verify_User_is_able_to_add_address_or_not_Test@6a6cb05c]" started-at="2024-06-14T14:11:16 IST" name="afterSuite" finished-at="2024-06-14T14:11:16 IST" duration-ms="0" status="PASS">
          <reporter-output>
          </reporter-output>
        </test-method> <!-- afterSuite -->
      </class> <!-- com.ShoppersStack.testScripts.Verify_User_is_able_to_add_address_or_not_Test -->
    </test> <!-- Default test -->
  </suite> <!-- Default suite -->
</testng-results>
